mode: set
byte-space/computer/adduser.go:19.45,21.2 1 0
byte-space/computer/adduser.go:23.42,25.2 1 0
byte-space/computer/adduser.go:27.36,29.2 1 0
byte-space/computer/adduser.go:31.42,33.2 1 0
byte-space/computer/adduser.go:35.52,37.2 1 0
byte-space/computer/adduser.go:39.39,41.2 1 0
byte-space/computer/adduser.go:43.31,45.2 1 0
byte-space/computer/adduser.go:47.44,48.19 1 0
byte-space/computer/adduser.go:48.19,49.10 1 0
byte-space/computer/adduser.go:50.17,50.17 0 0
byte-space/computer/adduser.go:51.11,54.17 3 0
byte-space/computer/adduser.go:59.63,60.26 1 0
byte-space/computer/adduser.go:60.26,63.3 2 0
byte-space/computer/adduser.go:64.2,64.22 1 0
byte-space/computer/adduser.go:64.22,68.3 3 0
byte-space/computer/adduser.go:70.2,78.6 7 0
byte-space/computer/adduser.go:78.6,80.17 2 0
byte-space/computer/adduser.go:81.22,82.25 1 0
byte-space/computer/adduser.go:82.25,83.20 1 0
byte-space/computer/adduser.go:83.20,87.6 3 0
byte-space/computer/adduser.go:88.5,88.35 1 0
byte-space/computer/adduser.go:88.35,92.6 3 0
byte-space/computer/adduser.go:93.5,96.33 4 0
byte-space/computer/adduser.go:97.10,97.32 1 0
byte-space/computer/adduser.go:97.32,103.12 5 0
byte-space/computer/adduser.go:103.12,107.6 3 0
byte-space/computer/adduser.go:109.5,112.11 4 0
byte-space/computer/adduser.go:115.19,117.10 2 0
byte-space/computer/adduser.go:122.41,124.16 2 0
byte-space/computer/adduser.go:124.16,126.3 1 0
byte-space/computer/adduser.go:127.2,128.57 2 0
byte-space/computer/adduser.go:128.57,129.36 1 0
byte-space/computer/adduser.go:129.36,131.4 1 0
byte-space/computer/adduser.go:133.2,133.31 1 0
byte-space/computer/adduser.go:136.58,138.16 2 0
byte-space/computer/adduser.go:138.16,140.3 1 0
byte-space/computer/adduser.go:141.2,141.57 1 0
byte-space/computer/adduser.go:141.57,142.36 1 0
byte-space/computer/adduser.go:142.36,143.12 1 0
byte-space/computer/adduser.go:145.3,146.48 2 0
byte-space/computer/adduser.go:146.48,148.4 1 0
byte-space/computer/adduser.go:150.2,150.13 1 0
byte-space/computer/adduser.go:153.70,155.16 2 0
byte-space/computer/adduser.go:155.16,157.3 1 0
byte-space/computer/adduser.go:159.2,160.24 2 0
byte-space/computer/adduser.go:160.24,162.3 1 0
byte-space/computer/adduser.go:164.2,165.101 2 0
byte-space/computer/adduser.go:165.101,167.3 1 0
byte-space/computer/adduser.go:168.2,168.55 1 0
byte-space/computer/computer.go:59.62,67.50 4 0
byte-space/computer/computer.go:67.50,68.50 1 0
byte-space/computer/computer.go:68.50,72.4 3 0
byte-space/computer/computer.go:75.2,88.37 14 0
byte-space/computer/computer.go:91.67,92.67 1 0
byte-space/computer/computer.go:92.67,104.3 4 0
byte-space/computer/computer.go:106.2,106.38 1 0
byte-space/computer/computer.go:109.97,136.42 10 0
byte-space/computer/computer.go:136.42,136.87 1 0
byte-space/computer/computer.go:137.42,137.89 1 0
byte-space/computer/computer.go:138.42,138.93 1 0
byte-space/computer/computer.go:139.42,139.97 1 0
byte-space/computer/computer.go:140.42,140.100 1 0
byte-space/computer/computer.go:141.42,141.90 1 0
byte-space/computer/computer.go:142.41,142.92 1 0
byte-space/computer/computer.go:143.41,143.92 1 0
byte-space/computer/computer.go:144.41,144.92 1 0
byte-space/computer/computer.go:150.2,157.17 2 0
byte-space/computer/computer.go:160.42,162.2 1 1
byte-space/computer/computer.go:164.35,166.16 2 1
byte-space/computer/computer.go:166.16,168.3 1 0
byte-space/computer/computer.go:169.2,169.45 1 1
byte-space/computer/computer.go:172.35,174.16 2 0
byte-space/computer/computer.go:174.16,176.3 1 0
byte-space/computer/computer.go:177.2,178.56 2 0
byte-space/computer/computer.go:178.56,180.3 1 0
byte-space/computer/computer.go:181.2,181.25 1 0
byte-space/computer/computer.go:184.47,189.2 3 0
byte-space/computer/computer.go:191.75,195.24 3 0
byte-space/computer/computer.go:195.24,197.3 1 0
byte-space/computer/computer.go:197.8,200.3 1 0
byte-space/computer/computer.go:202.2,210.41 3 0
byte-space/computer/computer.go:210.41,213.25 3 0
byte-space/computer/computer.go:213.25,215.4 1 0
byte-space/computer/computer.go:216.3,222.4 1 0
byte-space/computer/computer.go:225.2,233.33 2 0
byte-space/computer/events.go:38.30,42.2 1 1
byte-space/computer/events.go:44.44,48.2 3 0
byte-space/computer/events.go:52.79,59.36 2 1
byte-space/computer/events.go:59.36,60.10 1 0
byte-space/computer/events.go:61.20,61.20 0 0
byte-space/computer/events.go:62.11,62.11 0 0
byte-space/computer/handler.go:13.48,32.12 6 0
byte-space/computer/handler.go:32.12,45.89 4 0
byte-space/computer/handler.go:45.89,50.4 4 0
byte-space/computer/handler.go:53.3,59.29 5 0
byte-space/computer/handler.go:59.29,61.4 1 0
byte-space/computer/handler.go:61.9,63.4 1 0
byte-space/computer/handler.go:65.3,69.90 3 0
byte-space/computer/handler.go:69.90,71.4 1 0
byte-space/computer/handler.go:71.9,73.4 1 0
byte-space/computer/handler.go:75.3,76.15 2 0
byte-space/computer/handler.go:79.2,79.6 1 0
byte-space/computer/handler.go:79.6,81.22 2 0
byte-space/computer/handler.go:81.22,84.65 3 0
byte-space/computer/handler.go:84.65,86.13 2 0
byte-space/computer/handler.go:88.4,88.42 1 0
byte-space/computer/ipc.go:18.60,20.2 1 1
byte-space/computer/kernel.go:25.96,27.2 1 0
byte-space/computer/kernel.go:29.49,31.2 1 0
byte-space/computer/kernel.go:33.70,35.2 1 0
byte-space/computer/kernel.go:37.32,38.25 1 0
byte-space/computer/kernel.go:38.25,43.3 3 0
byte-space/computer/kernel.go:46.2,47.15 2 0
byte-space/computer/kernel.go:55.66,57.2 1 0
byte-space/computer/kernel.go:61.97,63.9 2 0
byte-space/computer/kernel.go:63.9,65.3 1 0
byte-space/computer/kernel.go:67.2,72.67 5 0
byte-space/computer/kernel.go:72.67,74.3 1 0
byte-space/computer/kernel.go:76.2,77.20 2 0
byte-space/computer/kernel.go:77.20,79.3 1 0
byte-space/computer/kernel.go:81.2,106.21 10 0
byte-space/computer/kernel.go:106.21,107.13 1 0
byte-space/computer/kernel.go:107.13,115.4 3 0
byte-space/computer/kernel.go:116.3,116.13 1 0
byte-space/computer/kernel.go:119.2,128.31 4 0
byte-space/computer/kernel.go:128.31,130.3 1 0
byte-space/computer/kernel.go:131.2,131.12 1 0
byte-space/computer/kernel.go:134.42,136.2 1 0
byte-space/computer/kernel.go:138.67,139.18 1 1
byte-space/computer/kernel.go:139.18,141.3 1 1
byte-space/computer/kernel.go:143.2,144.24 2 1
byte-space/computer/kernel.go:144.24,146.3 1 1
byte-space/computer/kernel.go:148.2,148.19 1 1
byte-space/computer/kernel.go:148.19,150.3 1 1
byte-space/computer/kernel.go:150.8,150.44 1 1
byte-space/computer/kernel.go:150.44,152.3 1 1
byte-space/computer/kernel.go:154.2,154.37 1 1
byte-space/computer/kernel.go:154.37,156.3 1 1
byte-space/computer/kernel.go:157.2,159.37 2 1
byte-space/computer/kernel.go:159.37,161.3 1 0
byte-space/computer/kernel.go:163.2,163.27 1 1
byte-space/computer/kernel.go:166.71,167.29 1 1
byte-space/computer/kernel.go:167.29,169.3 1 1
byte-space/computer/kernel.go:170.2,171.9 2 1
byte-space/computer/kernel.go:171.9,173.3 1 0
byte-space/computer/kernel.go:174.2,174.33 1 1
byte-space/computer/kernel.go:174.33,176.3 1 1
byte-space/computer/kernel.go:177.2,177.30 1 1
byte-space/computer/kernel.go:180.70,181.29 1 1
byte-space/computer/kernel.go:181.29,183.3 1 1
byte-space/computer/kernel.go:184.2,185.9 2 1
byte-space/computer/kernel.go:185.9,187.3 1 0
byte-space/computer/kernel.go:188.2,188.33 1 1
byte-space/computer/kernel.go:188.33,190.3 1 1
byte-space/computer/kernel.go:191.2,191.30 1 1
byte-space/computer/kernel.go:194.73,195.29 1 1
byte-space/computer/kernel.go:195.29,197.3 1 1
byte-space/computer/kernel.go:198.2,199.9 2 1
byte-space/computer/kernel.go:199.9,201.3 1 0
byte-space/computer/kernel.go:202.2,202.33 1 1
byte-space/computer/kernel.go:202.33,204.3 1 1
byte-space/computer/kernel.go:205.2,205.30 1 1
byte-space/computer/kernel.go:208.73,210.35 2 1
byte-space/computer/kernel.go:210.35,212.3 1 1
byte-space/computer/kernel.go:213.2,213.39 1 1
byte-space/computer/kernel.go:216.79,218.35 2 1
byte-space/computer/kernel.go:218.35,220.3 1 1
byte-space/computer/kernel.go:221.2,221.38 1 1
byte-space/computer/kernel.go:224.74,228.2 3 0
byte-space/computer/kernel.go:230.60,233.36 3 1
byte-space/computer/kernel.go:233.36,235.3 1 1
byte-space/computer/kernel.go:236.2,236.52 1 1
byte-space/computer/kernel.go:236.52,238.3 1 0
byte-space/computer/kernel.go:239.2,247.12 3 1
byte-space/computer/kernel.go:250.65,253.36 3 0
byte-space/computer/kernel.go:253.36,255.3 1 0
byte-space/computer/kernel.go:256.2,256.57 1 0
byte-space/computer/kernel.go:256.57,258.3 1 0
byte-space/computer/kernel.go:259.2,267.12 3 0
byte-space/computer/kernel.go:270.77,273.36 3 0
byte-space/computer/kernel.go:273.36,275.3 1 0
byte-space/computer/kernel.go:276.2,276.46 1 0
byte-space/computer/kernel.go:279.70,281.41 2 1
byte-space/computer/kernel.go:281.41,283.3 1 1
byte-space/computer/kernel.go:284.2,284.38 1 1
byte-space/computer/kernel.go:284.38,286.3 1 1
byte-space/computer/kernel.go:287.2,288.12 2 1
byte-space/computer/kernel.go:291.100,294.9 3 0
byte-space/computer/kernel.go:294.9,296.3 1 0
byte-space/computer/kernel.go:297.2,297.52 1 0
byte-space/computer/kernel.go:297.52,299.3 1 0
byte-space/computer/kernel.go:300.2,304.12 5 0
byte-space/computer/login.go:20.50,22.2 1 0
byte-space/computer/login.go:24.41,26.2 1 0
byte-space/computer/login.go:28.47,30.2 1 0
byte-space/computer/login.go:32.47,34.2 1 0
byte-space/computer/login.go:36.57,38.2 1 0
byte-space/computer/login.go:40.44,42.2 1 0
byte-space/computer/login.go:44.68,51.26 5 0
byte-space/computer/login.go:51.26,54.3 2 0
byte-space/computer/login.go:56.2,59.27 3 0
byte-space/computer/login.go:59.27,61.3 1 0
byte-space/computer/login.go:62.2,69.6 5 0
byte-space/computer/login.go:69.6,71.17 2 0
byte-space/computer/login.go:72.22,73.19 1 0
byte-space/computer/login.go:73.19,76.5 2 0
byte-space/computer/login.go:78.4,78.22 1 0
byte-space/computer/login.go:78.22,81.67 3 0
byte-space/computer/login.go:81.67,84.6 2 0
byte-space/computer/login.go:84.11,88.6 2 0
byte-space/computer/login.go:89.10,89.29 1 0
byte-space/computer/login.go:89.29,94.5 3 0
byte-space/computer/login.go:94.10,94.29 1 0
byte-space/computer/login.go:94.29,98.67 3 0
byte-space/computer/login.go:98.67,102.40 3 0
byte-space/computer/login.go:102.40,105.7 2 0
byte-space/computer/login.go:107.6,109.12 3 0
byte-space/computer/login.go:111.11,114.6 2 0
byte-space/computer/login.go:117.19,119.10 2 0
byte-space/computer/login.go:124.49,125.19 1 0
byte-space/computer/login.go:125.19,126.10 1 0
byte-space/computer/login.go:127.17,127.17 0 0
byte-space/computer/login.go:129.11,130.17 1 0
byte-space/computer/login.go:135.36,137.2 1 0
byte-space/computer/os.go:22.39,24.16 2 1
byte-space/computer/os.go:24.16,26.3 1 0
byte-space/computer/os.go:27.2,27.12 1 1
byte-space/computer/os.go:30.44,32.16 2 0
byte-space/computer/os.go:32.16,34.3 1 0
byte-space/computer/os.go:35.2,35.12 1 0
byte-space/computer/os.go:38.56,40.2 1 0
byte-space/computer/os.go:42.32,45.16 3 0
byte-space/computer/os.go:45.16,47.3 1 0
byte-space/computer/os.go:48.2,48.21 1 0
byte-space/computer/os.go:51.31,54.16 3 0
byte-space/computer/os.go:54.16,56.3 1 0
byte-space/computer/os.go:57.2,57.21 1 0
byte-space/computer/os.go:60.58,63.16 3 0
byte-space/computer/os.go:63.16,65.3 1 0
byte-space/computer/os.go:67.2,69.29 2 0
byte-space/computer/os.go:69.29,70.17 1 0
byte-space/computer/os.go:70.17,71.12 1 0
byte-space/computer/os.go:74.3,76.73 2 0
byte-space/computer/os.go:76.73,79.4 1 0
byte-space/computer/os.go:82.2,82.10 1 0
byte-space/computer/os.go:85.45,87.16 2 1
byte-space/computer/os.go:87.16,89.3 1 1
byte-space/computer/os.go:90.2,90.21 1 1
byte-space/computer/os.go:93.52,95.2 1 1
byte-space/computer/os.go:97.58,99.2 1 1
byte-space/computer/shell.go:20.43,22.2 1 0
byte-space/computer/shell.go:24.47,30.29 4 0
byte-space/computer/shell.go:30.29,31.68 1 0
byte-space/computer/shell.go:31.68,33.4 1 0
byte-space/computer/shell.go:33.9,35.4 1 0
byte-space/computer/shell.go:38.2,38.24 1 0
byte-space/computer/shell.go:38.24,40.3 1 0
byte-space/computer/shell.go:42.2,42.24 1 0
byte-space/computer/shell.go:45.40,47.2 1 0
byte-space/computer/shell.go:49.40,51.2 1 0
byte-space/computer/shell.go:53.34,55.2 1 0
byte-space/computer/shell.go:57.61,59.26 2 0
byte-space/computer/shell.go:59.26,62.3 2 0
byte-space/computer/shell.go:63.2,66.6 3 0
byte-space/computer/shell.go:66.6,69.17 3 0
byte-space/computer/shell.go:70.22,73.20 2 0
byte-space/computer/shell.go:74.16,76.11 2 0
byte-space/computer/shell.go:77.15,78.24 1 0
byte-space/computer/shell.go:78.24,80.11 2 0
byte-space/computer/shell.go:82.5,83.39 2 0
byte-space/computer/shell.go:84.14,85.23 1 0
byte-space/computer/shell.go:85.23,87.11 2 0
byte-space/computer/shell.go:89.5,89.24 1 0
byte-space/computer/shell.go:89.24,91.11 2 0
byte-space/computer/shell.go:94.5,96.37 2 0
byte-space/computer/shell.go:96.37,98.6 1 0
byte-space/computer/shell.go:100.5,102.65 2 0
byte-space/computer/shell.go:102.65,104.11 2 0
byte-space/computer/shell.go:107.5,112.30 2 0
byte-space/computer/shell.go:114.14,115.128 1 0
byte-space/computer/shell.go:115.128,117.6 1 0
byte-space/computer/shell.go:118.5,118.44 1 0
byte-space/computer/shell.go:119.17,120.131 1 0
byte-space/computer/shell.go:120.131,122.6 1 0
byte-space/computer/shell.go:123.5,123.44 1 0
byte-space/computer/shell.go:124.15,125.129 1 0
byte-space/computer/shell.go:125.129,127.6 1 0
byte-space/computer/shell.go:128.5,128.44 1 0
byte-space/computer/shell.go:129.19,130.133 1 0
byte-space/computer/shell.go:130.133,132.6 1 0
byte-space/computer/shell.go:133.5,133.44 1 0
byte-space/computer/shell.go:134.17,135.131 1 0
byte-space/computer/shell.go:135.131,137.6 1 0
byte-space/computer/shell.go:138.5,138.44 1 0
byte-space/computer/shell.go:139.17,140.131 1 0
byte-space/computer/shell.go:140.131,142.6 1 0
byte-space/computer/shell.go:143.5,143.44 1 0
byte-space/computer/shell.go:144.17,145.131 1 0
byte-space/computer/shell.go:145.131,147.6 1 0
byte-space/computer/shell.go:148.5,148.44 1 0
byte-space/computer/shell.go:150.12,152.10 2 0
byte-space/computer/shell.go:154.12,155.48 1 0
byte-space/computer/shell.go:159.4,160.31 2 0
byte-space/computer/shell.go:161.19,163.10 2 0
byte-space/computer/shell.go:168.29,170.2 1 0
byte-space/computer/shell.go:172.43,173.2 0 0
byte-space/computer/shell.go:175.50,177.2 1 0
byte-space/computer/shell.go:179.37,181.2 1 0
byte-space/computer/shell_commands.go:19.37,21.2 1 0
byte-space/computer/shell_commands.go:23.31,25.2 1 0
byte-space/computer/shell_commands.go:27.37,29.2 1 0
byte-space/computer/shell_commands.go:31.40,33.2 1 0
byte-space/computer/shell_commands.go:35.58,36.26 1 0
byte-space/computer/shell_commands.go:36.26,39.3 2 0
byte-space/computer/shell_commands.go:40.2,40.21 1 0
byte-space/computer/shell_commands.go:40.21,44.3 3 0
byte-space/computer/shell_commands.go:46.2,49.24 3 0
byte-space/computer/shell_commands.go:49.24,50.40 1 0
byte-space/computer/shell_commands.go:50.40,52.4 1 0
byte-space/computer/shell_commands.go:52.9,54.4 1 0
byte-space/computer/shell_commands.go:57.2,58.16 2 0
byte-space/computer/shell_commands.go:58.16,62.3 3 0
byte-space/computer/shell_commands.go:64.2,65.29 2 0
byte-space/computer/shell_commands.go:65.29,66.17 1 0
byte-space/computer/shell_commands.go:66.17,67.20 1 0
byte-space/computer/shell_commands.go:67.20,69.5 1 0
byte-space/computer/shell_commands.go:69.10,71.5 1 0
byte-space/computer/shell_commands.go:72.9,72.26 1 0
byte-space/computer/shell_commands.go:72.26,78.20 6 0
byte-space/computer/shell_commands.go:78.20,80.5 1 0
byte-space/computer/shell_commands.go:80.10,82.5 1 0
byte-space/computer/shell_commands.go:83.4,83.59 1 0
byte-space/computer/shell_commands.go:87.2,87.21 1 0
byte-space/computer/shell_commands.go:87.21,89.3 1 0
byte-space/computer/shell_commands.go:91.2,92.31 2 0
byte-space/computer/shell_commands.go:95.26,97.2 1 0
byte-space/computer/shell_commands.go:99.40,100.2 0 0
byte-space/computer/shell_commands.go:102.47,104.2 1 0
byte-space/computer/shell_commands.go:106.34,108.2 1 0
byte-space/computer/shell_commands.go:118.40,120.2 1 0
byte-space/computer/shell_commands.go:122.34,124.2 1 0
byte-space/computer/shell_commands.go:126.40,128.2 1 0
byte-space/computer/shell_commands.go:130.43,132.2 1 0
byte-space/computer/shell_commands.go:134.61,135.26 1 0
byte-space/computer/shell_commands.go:135.26,138.3 2 0
byte-space/computer/shell_commands.go:139.2,139.21 1 0
byte-space/computer/shell_commands.go:139.21,143.3 3 0
byte-space/computer/shell_commands.go:144.2,145.31 2 0
byte-space/computer/shell_commands.go:148.29,150.2 1 0
byte-space/computer/shell_commands.go:152.43,153.2 0 0
byte-space/computer/shell_commands.go:155.50,157.2 1 0
byte-space/computer/shell_commands.go:159.37,161.2 1 0
byte-space/computer/shell_commands.go:171.38,173.2 1 0
byte-space/computer/shell_commands.go:175.32,177.2 1 0
byte-space/computer/shell_commands.go:179.38,181.2 1 0
byte-space/computer/shell_commands.go:183.41,185.2 1 0
byte-space/computer/shell_commands.go:187.59,188.26 1 0
byte-space/computer/shell_commands.go:188.26,191.3 2 0
byte-space/computer/shell_commands.go:192.2,192.22 1 0
byte-space/computer/shell_commands.go:192.22,196.3 3 0
byte-space/computer/shell_commands.go:198.2,199.16 2 0
byte-space/computer/shell_commands.go:199.16,201.66 2 0
byte-space/computer/shell_commands.go:201.66,203.4 1 0
byte-space/computer/shell_commands.go:204.3,206.9 3 0
byte-space/computer/shell_commands.go:209.2,210.31 2 0
byte-space/computer/shell_commands.go:213.27,215.2 1 0
byte-space/computer/shell_commands.go:217.41,218.2 0 0
byte-space/computer/shell_commands.go:220.48,222.2 1 0
byte-space/computer/shell_commands.go:224.35,226.2 1 0
byte-space/computer/shell_commands.go:236.40,238.2 1 0
byte-space/computer/shell_commands.go:240.34,242.2 1 0
byte-space/computer/shell_commands.go:244.40,246.2 1 0
byte-space/computer/shell_commands.go:248.43,250.2 1 0
byte-space/computer/shell_commands.go:252.61,253.22 1 0
byte-space/computer/shell_commands.go:253.22,257.3 3 0
byte-space/computer/shell_commands.go:259.2,261.16 3 0
byte-space/computer/shell_commands.go:261.16,263.27 2 0
byte-space/computer/shell_commands.go:263.27,265.4 1 0
byte-space/computer/shell_commands.go:266.3,267.9 2 0
byte-space/computer/shell_commands.go:270.2,271.31 2 0
byte-space/computer/shell_commands.go:274.29,276.2 1 0
byte-space/computer/shell_commands.go:278.43,279.2 0 0
byte-space/computer/shell_commands.go:281.50,283.2 1 0
byte-space/computer/shell_commands.go:285.37,287.2 1 0
byte-space/computer/shell_commands.go:297.40,299.2 1 0
byte-space/computer/shell_commands.go:301.34,303.2 1 0
byte-space/computer/shell_commands.go:305.40,307.2 1 0
byte-space/computer/shell_commands.go:309.43,311.2 1 0
byte-space/computer/shell_commands.go:313.61,314.22 1 0
byte-space/computer/shell_commands.go:314.22,318.3 3 0
byte-space/computer/shell_commands.go:320.2,322.16 3 0
byte-space/computer/shell_commands.go:322.16,324.27 2 0
byte-space/computer/shell_commands.go:324.27,326.4 1 0
byte-space/computer/shell_commands.go:327.3,328.9 2 0
byte-space/computer/shell_commands.go:331.2,332.31 2 0
byte-space/computer/shell_commands.go:335.29,337.2 1 0
byte-space/computer/shell_commands.go:339.43,340.2 0 0
byte-space/computer/shell_commands.go:342.50,344.2 1 0
byte-space/computer/shell_commands.go:346.37,348.2 1 0
byte-space/computer/shell_commands.go:358.40,360.2 1 0
byte-space/computer/shell_commands.go:362.34,364.2 1 0
byte-space/computer/shell_commands.go:366.40,368.2 1 0
byte-space/computer/shell_commands.go:370.43,372.2 1 0
byte-space/computer/shell_commands.go:374.61,375.22 1 0
byte-space/computer/shell_commands.go:375.22,379.3 3 0
byte-space/computer/shell_commands.go:381.2,385.16 4 0
byte-space/computer/shell_commands.go:385.16,389.3 3 0
byte-space/computer/shell_commands.go:391.2,391.75 1 0
byte-space/computer/shell_commands.go:391.75,395.3 3 0
byte-space/computer/shell_commands.go:397.2,398.31 2 0
byte-space/computer/shell_commands.go:401.29,403.2 1 0
byte-space/computer/shell_commands.go:405.43,406.2 0 0
byte-space/computer/shell_commands.go:408.50,410.2 1 0
byte-space/computer/shell_commands.go:412.37,414.2 1 0
byte-space/computer/shell_commands.go:416.97,418.15 2 0
byte-space/computer/shell_commands.go:418.15,420.3 1 0
byte-space/computer/shell_commands.go:422.2,426.29 4 0
byte-space/computer/shell_commands.go:426.29,428.3 1 0
byte-space/computer/shell_commands.go:430.2,430.24 1 0
byte-space/computer/shell_commands.go:430.24,431.27 1 0
byte-space/computer/shell_commands.go:431.27,433.4 1 0
byte-space/computer/shell_commands.go:436.2,437.29 2 0
byte-space/computer/shell_commands.go:437.29,438.12 1 0
byte-space/computer/shell_commands.go:439.12,440.13 1 0
byte-space/computer/shell_commands.go:441.12,442.13 1 0
byte-space/computer/shell_commands.go:443.12,444.13 1 0
byte-space/computer/shell_commands.go:445.11,446.56 1 0
byte-space/computer/shell_commands.go:450.2,451.9 2 0
byte-space/computer/shell_commands.go:451.9,453.3 1 0
byte-space/computer/shell_commands.go:455.2,455.37 1 0
byte-space/computer/shell_commands.go:455.37,456.13 1 0
byte-space/computer/shell_commands.go:457.12,458.25 1 0
byte-space/computer/shell_commands.go:459.12,460.26 1 0
byte-space/computer/shell_commands.go:461.12,462.15 1 0
byte-space/computer/shell_commands.go:464.3,464.17 1 0
byte-space/computer/shell_commands.go:467.2,470.24 3 0
byte-space/computer/shell_commands.go:470.24,471.12 1 0
byte-space/computer/shell_commands.go:472.12,473.36 1 0
byte-space/computer/shell_commands.go:474.12,475.36 1 0
byte-space/computer/shell_commands.go:479.2,479.32 1 0
byte-space/computer/shell_commands.go:482.57,483.31 1 0
byte-space/computer/shell_commands.go:483.31,484.18 1 0
byte-space/computer/shell_commands.go:484.18,486.4 1 0
byte-space/computer/shell_commands.go:487.3,487.28 1 0
byte-space/computer/shell_commands.go:489.2,489.31 1 0
byte-space/computer/shell_commands.go:489.31,490.18 1 0
byte-space/computer/shell_commands.go:490.18,492.4 1 0
byte-space/computer/shell_commands.go:493.3,493.28 1 0
byte-space/computer/shell_commands.go:495.2,495.31 1 0
byte-space/computer/shell_commands.go:495.31,496.18 1 0
byte-space/computer/shell_commands.go:496.18,498.4 1 0
byte-space/computer/shell_commands.go:499.3,499.28 1 0
byte-space/computer/shell_commands.go:501.2,502.12 2 0
byte-space/computer/shell_commands.go:502.12,504.3 1 0
byte-space/computer/shell_commands.go:504.8,506.3 1 0
byte-space/computer/shell_commands.go:507.2,507.14 1 0
byte-space/computer/tty.go:18.52,20.2 1 0
byte-space/computer/tty.go:22.54,23.14 1 0
byte-space/computer/tty.go:23.14,25.3 1 0
byte-space/computer/tty.go:27.2,27.36 1 0
byte-space/computer/tty.go:35.60,37.2 1 0
byte-space/computer/tty.go:39.57,41.2 1 0
byte-space/computer/tty.go:43.30,45.2 1 0
byte-space/computer/tty.go:47.43,49.2 1 0
byte-space/computer/tty.go:51.47,53.2 1 0
byte-space/computer/tty.go:55.36,57.2 1 0
byte-space/computer/tty.go:59.40,61.2 1 0
byte-space/computer/tty.go:101.55,115.2 2 1
byte-space/computer/tty.go:117.54,119.16 2 1
byte-space/computer/tty.go:119.16,121.3 1 0
byte-space/computer/tty.go:122.2,123.30 2 1
byte-space/computer/tty.go:135.49,148.19 3 0
byte-space/computer/tty.go:149.14,150.29 1 0
byte-space/computer/tty.go:150.29,154.31 3 0
byte-space/computer/tty.go:154.31,155.38 1 0
byte-space/computer/tty.go:155.38,157.6 1 0
byte-space/computer/tty.go:159.4,159.44 1 0
byte-space/computer/tty.go:159.44,161.5 1 0
byte-space/computer/tty.go:163.10,164.29 1 0
byte-space/computer/tty.go:168.57,172.28 2 0
byte-space/computer/tty.go:172.28,173.30 1 0
byte-space/computer/tty.go:173.30,174.37 1 0
byte-space/computer/tty.go:174.37,176.5 1 0
byte-space/computer/tty.go:180.2,183.29 2 0
byte-space/computer/tty.go:183.29,184.24 1 0
byte-space/computer/tty.go:184.24,190.4 2 0
byte-space/computer/tty.go:193.2,193.61 1 0
byte-space/computer/tty.go:196.69,197.35 1 1
byte-space/computer/tty.go:197.35,199.3 1 1
byte-space/computer/tty.go:201.2,204.29 3 1
byte-space/computer/tty.go:204.29,205.36 1 1
byte-space/computer/tty.go:205.36,207.4 1 1
byte-space/computer/tty.go:209.2,209.6 1 1
byte-space/computer/tty.go:209.6,210.10 1 1
byte-space/computer/tty.go:211.40,212.51 1 1
byte-space/computer/tty.go:212.51,213.13 1 0
byte-space/computer/tty.go:216.4,216.56 1 1
byte-space/computer/tty.go:216.56,217.13 1 0
byte-space/computer/tty.go:219.4,220.14 2 1
byte-space/computer/tty.go:220.14,223.31 2 1
byte-space/computer/tty.go:223.31,224.30 1 1
byte-space/computer/tty.go:224.30,227.7 2 1
byte-space/computer/tty.go:227.12,229.7 1 1
byte-space/computer/tty.go:230.11,230.36 1 1
byte-space/computer/tty.go:230.36,232.6 1 1
byte-space/computer/tty.go:232.11,232.68 1 1
byte-space/computer/tty.go:232.68,234.6 1 1
byte-space/computer/tty.go:234.11,234.40 1 1
byte-space/computer/tty.go:234.40,235.43 1 1
byte-space/computer/tty.go:235.43,237.7 1 1
byte-space/computer/tty.go:238.11,238.40 1 1
byte-space/computer/tty.go:238.40,239.31 1 1
byte-space/computer/tty.go:239.31,241.7 1 1
byte-space/computer/tty.go:243.5,243.71 1 1
byte-space/computer/tty.go:243.71,245.6 1 0
byte-space/computer/tty.go:247.5,247.45 1 1
byte-space/computer/tty.go:250.4,250.20 1 1
byte-space/computer/tty.go:250.20,251.45 1 1
byte-space/computer/tty.go:251.45,257.6 1 1
byte-space/computer/tty.go:258.5,258.39 1 1
byte-space/computer/tty.go:261.4,261.24 1 1
byte-space/computer/tty.go:262.14,265.45 2 1
byte-space/computer/tty.go:265.45,271.6 1 1
byte-space/computer/tty.go:273.5,281.31 4 1
byte-space/computer/tty.go:282.16,285.55 2 1
byte-space/computer/tty.go:285.55,289.33 3 1
byte-space/computer/tty.go:289.33,291.25 2 1
byte-space/computer/tty.go:291.25,295.8 3 1
byte-space/computer/tty.go:299.28,300.13 1 1
byte-space/computer/tty.go:301.18,302.21 1 1
byte-space/computer/tty.go:302.21,303.14 1 0
byte-space/computer/tty.go:306.5,306.42 1 1
byte-space/computer/tty.go:306.42,308.6 1 1
byte-space/computer/tty.go:310.18,311.21 1 1
byte-space/computer/tty.go:311.21,312.14 1 0
byte-space/computer/tty.go:315.5,315.30 1 1
byte-space/computer/tty.go:315.30,317.6 1 1
byte-space/computer/tty.go:319.12,322.21 3 1
byte-space/computer/tty.go:322.21,324.6 1 1
byte-space/computer/tty.go:325.5,331.32 7 1
byte-space/computer/tty.go:331.32,333.24 2 1
byte-space/computer/tty.go:333.24,337.7 3 1
byte-space/computer/tty.go:342.4,346.6 1 1
byte-space/computer/tty.go:348.15,349.31 1 1
byte-space/computer/tty.go:353.2,353.37 1 0
byte-space/computer/tty.go:356.46,364.2 3 0
byte-space/computer/tty.go:366.27,374.2 3 0
